<?xml version="1.0" encoding="UTF-8"?>
<!-- Generated by org.testng.reporters.JUnitReportReporter -->
<testsuite hostname="DESKTOP-J2G8DGA" failures="0" tests="1" name="puma.OrderShoe" time="45.111" errors="0" timestamp="04 Jan 2023 14:45:58 GMT" skipped="0">
  <testcase classname="puma.OrderShoe" name="pumaOrderShoe" time="45.111"/>
</testsuite> <!-- puma.OrderShoe -->
